-- The C compiler identification is GNU 9.4.0
-- The CXX compiler identification is GNU 9.4.0
-- Detecting C compiler ABI info
-- Detecting C compiler ABI info - done
-- Check for working C compiler: /usr/bin/cc - skipped
-- Detecting C compile features
-- Detecting C compile features - done
-- Detecting CXX compiler ABI info
-- Detecting CXX compiler ABI info - done
-- Check for working CXX compiler: /usr/bin/c++ - skipped
-- Detecting CXX compile features
-- Detecting CXX compile features - done
-- Found ament_cmake: 0.9.12 (/opt/ros/foxy/share/ament_cmake/cmake)
-- Found PythonInterp: /usr/bin/python3 (found suitable version "3.8.10", minimum required is "3")
-- Using PYTHON_EXECUTABLE: /usr/bin/python3
-- Override CMake install command with custom implementation using symlinks instead of copying resources
-- Found rclcpp: 2.4.3 (/opt/ros/foxy/share/rclcpp/cmake)
-- Using all available rosidl_typesupport_c: rosidl_typesupport_fastrtps_c;rosidl_typesupport_introspection_c
-- Found rosidl_adapter: 1.3.1 (/opt/ros/foxy/share/rosidl_adapter/cmake)
-- Found OpenSSL: /usr/lib/x86_64-linux-gnu/libcrypto.so (found version "1.1.1f")
-- Found FastRTPS: /opt/ros/foxy/include
-- Using all available rosidl_typesupport_cpp: rosidl_typesupport_fastrtps_cpp;rosidl_typesupport_introspection_cpp
-- Found rmw_implementation_cmake: 1.0.4 (/opt/ros/foxy/share/rmw_implementation_cmake/cmake)
-- Using RMW implementation 'rmw_fastrtps_cpp' as default
-- Performing Test CMAKE_HAVE_LIBC_PTHREAD
-- Performing Test CMAKE_HAVE_LIBC_PTHREAD - Failed
-- Looking for pthread_create in pthreads
-- Looking for pthread_create in pthreads - not found
-- Looking for pthread_create in pthread
-- Looking for pthread_create in pthread - found
-- Found Threads: TRUE
-- Found sensor_msgs: 2.0.5 (/opt/ros/foxy/share/sensor_msgs/cmake)
-- Found cv_bridge: 3.0.7 (/opt/ros/foxy/share/cv_bridge/cmake)
-- Found message_filters: 3.2.7 (/opt/ros/foxy/share/message_filters/cmake)
-- Found OpenGL: /usr/lib/x86_64-linux-gnu/libOpenGL.so  found components: OpenGL
-- Found ORB_SLAM3: /home/shye/Desktop/projects/fyp/ORB_SLAM_3_COMMUNITY/lib/libORB_SLAM3.so
-- Found rclpy: 1.0.13 (/opt/ros/foxy/share/rclpy/cmake)
-- Configuring done (1.6s)
-- Generating done (0.1s)
-- Build files have been written to: /home/shye/Desktop/projects/fyp/ros_ws/build/orbslam3
[  8%] [32mBuilding CXX object CMakeFiles/rgbd.dir/src/rgbd/rgbd.cpp.o[0m
[ 25%] [32mBuilding CXX object CMakeFiles/mono.dir/src/monocular/mono.cpp.o[0m
[ 25%] [32mBuilding CXX object CMakeFiles/stereo-inertial.dir/src/stereo-inertial/stereo-inertial.cpp.o[0m
[ 33%] [32mBuilding CXX object CMakeFiles/stereo-inertial.dir/src/stereo-inertial/stereo-inertial-node.cpp.o[0m
[ 50%] [32mBuilding CXX object CMakeFiles/mono.dir/src/monocular/monocular-slam-node.cpp.o[0m
[ 50%] [32mBuilding CXX object CMakeFiles/rgbd.dir/src/rgbd/rgbd-slam-node.cpp.o[0m
[ 58%] [32mBuilding CXX object CMakeFiles/stereo.dir/src/stereo/stereo.cpp.o[0m
[ 66%] [32mBuilding CXX object CMakeFiles/stereo.dir/src/stereo/stereo-slam-node.cpp.o[0m
[ 75%] [32m[1mLinking CXX executable mono[0m
[ 83%] [32m[1mLinking CXX executable stereo[0m
[ 91%] [32m[1mLinking CXX executable rgbd[0m
[100%] [32m[1mLinking CXX executable stereo-inertial[0m
[100%] Built target mono
[100%] Built target stereo
[100%] Built target rgbd
[100%] Built target stereo-inertial
-- Install configuration: ""
-- Execute custom install script
-- Symlinking: /home/shye/Desktop/projects/fyp/ros_ws/install/orbslam3/lib/orbslam3/mono
-- Symlinking: /home/shye/Desktop/projects/fyp/ros_ws/install/orbslam3/lib/orbslam3/rgbd
-- Symlinking: /home/shye/Desktop/projects/fyp/ros_ws/install/orbslam3/lib/orbslam3/stereo
-- Symlinking: /home/shye/Desktop/projects/fyp/ros_ws/install/orbslam3/lib/orbslam3/stereo-inertial
-- Symlinking: /home/shye/Desktop/projects/fyp/ros_ws/install/orbslam3/lib/orbslam3/camera_publisher.py
-- Symlinking: /home/shye/Desktop/projects/fyp/ros_ws/install/orbslam3/lib/orbslam3/url_camera_publisher.py
-- Symlinking: /home/shye/Desktop/projects/fyp/ros_ws/install/orbslam3/share/ament_index/resource_index/package_run_dependencies/orbslam3
-- Symlinking: /home/shye/Desktop/projects/fyp/ros_ws/install/orbslam3/share/ament_index/resource_index/parent_prefix_path/orbslam3
-- Symlinking: /home/shye/Desktop/projects/fyp/ros_ws/install/orbslam3/share/orbslam3/environment/ament_prefix_path.sh
-- Symlinking: /home/shye/Desktop/projects/fyp/ros_ws/install/orbslam3/share/orbslam3/environment/ament_prefix_path.dsv
-- Symlinking: /home/shye/Desktop/projects/fyp/ros_ws/install/orbslam3/share/orbslam3/environment/path.sh
-- Symlinking: /home/shye/Desktop/projects/fyp/ros_ws/install/orbslam3/share/orbslam3/environment/path.dsv
-- Symlinking: /home/shye/Desktop/projects/fyp/ros_ws/install/orbslam3/share/orbslam3/local_setup.bash
-- Symlinking: /home/shye/Desktop/projects/fyp/ros_ws/install/orbslam3/share/orbslam3/local_setup.sh
-- Symlinking: /home/shye/Desktop/projects/fyp/ros_ws/install/orbslam3/share/orbslam3/local_setup.zsh
-- Symlinking: /home/shye/Desktop/projects/fyp/ros_ws/install/orbslam3/share/orbslam3/local_setup.dsv
-- Symlinking: /home/shye/Desktop/projects/fyp/ros_ws/install/orbslam3/share/orbslam3/package.dsv
-- Symlinking: /home/shye/Desktop/projects/fyp/ros_ws/install/orbslam3/share/ament_index/resource_index/packages/orbslam3
-- Symlinking: /home/shye/Desktop/projects/fyp/ros_ws/install/orbslam3/share/orbslam3/cmake/orbslam3Config.cmake
-- Symlinking: /home/shye/Desktop/projects/fyp/ros_ws/install/orbslam3/share/orbslam3/cmake/orbslam3Config-version.cmake
-- Symlinking: /home/shye/Desktop/projects/fyp/ros_ws/install/orbslam3/share/orbslam3/package.xml
