[0.501s] DEBUG:colcon:Command line arguments: ['/usr/bin/colcon', 'build', '--symlink-install', '--packages-select', 'orbslam3']
[0.501s] DEBUG:colcon:Parsed command line arguments: Namespace(allow_overriding=[], ament_cmake_args=None, base_paths=['.'], build_base='build', catkin_cmake_args=None, catkin_skip_building_tests=False, cmake_args=None, cmake_clean_cache=False, cmake_clean_first=False, cmake_force_configure=False, cmake_target=None, cmake_target_skip_unavailable=False, continue_on_error=False, event_handlers=None, executor='parallel', ignore_user_meta=False, install_base='install', log_base=None, log_level=None, main=<bound method BuildVerb.main of <colcon_core.verb.build.BuildVerb object at 0x7ff6a3fd9490>>, merge_install=False, metas=['./colcon.meta'], mixin=None, mixin_files=None, mixin_verb=('build',), packages_above=None, packages_above_and_dependencies=None, packages_above_depth=None, packages_end=None, packages_ignore=None, packages_ignore_regex=None, packages_select=['orbslam3'], packages_select_build_failed=False, packages_select_by_dep=None, packages_select_regex=None, packages_select_test_failures=False, packages_skip=None, packages_skip_build_finished=False, packages_skip_by_dep=None, packages_skip_regex=None, packages_skip_test_passed=False, packages_skip_up_to=None, packages_start=None, packages_up_to=None, packages_up_to_regex=None, parallel_workers=8, paths=None, symlink_install=True, test_result_base=None, verb_extension=<colcon_core.verb.build.BuildVerb object at 0x7ff6a3fd9490>, verb_name='build', verb_parser=<colcon_mixin.mixin.mixin_argument.MixinArgumentDecorator object at 0x7ff6a3f46ca0>)
[0.665s] Level 1:colcon.colcon_core.package_discovery:discover_packages(colcon_meta) check parameters
[0.665s] Level 1:colcon.colcon_core.package_discovery:discover_packages(recursive) check parameters
[0.665s] Level 1:colcon.colcon_core.package_discovery:discover_packages(ignore) check parameters
[0.665s] Level 1:colcon.colcon_core.package_discovery:discover_packages(path) check parameters
[0.665s] Level 1:colcon.colcon_core.package_discovery:discover_packages(colcon_meta) discover
[0.665s] Level 1:colcon.colcon_core.package_discovery:discover_packages(recursive) discover
[0.665s] INFO:colcon.colcon_core.package_discovery:Crawling recursively for packages in '/home/shye/Desktop/projects/fyp/ros_ws'
[0.665s] Level 1:colcon.colcon_core.package_identification:_identify(.) by extensions ['ignore', 'ignore_ament_install']
[0.666s] Level 1:colcon.colcon_core.package_identification:_identify(.) by extension 'ignore'
[0.666s] Level 1:colcon.colcon_core.package_identification:_identify(.) by extension 'ignore_ament_install'
[0.666s] Level 1:colcon.colcon_core.package_identification:_identify(.) by extensions ['colcon_pkg']
[0.666s] Level 1:colcon.colcon_core.package_identification:_identify(.) by extension 'colcon_pkg'
[0.666s] Level 1:colcon.colcon_core.package_identification:_identify(.) by extensions ['colcon_meta']
[0.666s] Level 1:colcon.colcon_core.package_identification:_identify(.) by extension 'colcon_meta'
[0.666s] Level 1:colcon.colcon_core.package_identification:_identify(.) by extensions ['ros']
[0.666s] Level 1:colcon.colcon_core.package_identification:_identify(.) by extension 'ros'
[0.679s] Level 1:colcon.colcon_core.package_identification:_identify(.) by extensions ['cmake', 'python']
[0.679s] Level 1:colcon.colcon_core.package_identification:_identify(.) by extension 'cmake'
[0.679s] Level 1:colcon.colcon_core.package_identification:_identify(.) by extension 'python'
[0.679s] Level 1:colcon.colcon_core.package_identification:_identify(.) by extensions ['python_setup_py']
[0.679s] Level 1:colcon.colcon_core.package_identification:_identify(.) by extension 'python_setup_py'
[0.679s] Level 1:colcon.colcon_core.package_identification:_identify(build) by extensions ['ignore', 'ignore_ament_install']
[0.680s] Level 1:colcon.colcon_core.package_identification:_identify(build) by extension 'ignore'
[0.680s] Level 1:colcon.colcon_core.package_identification:_identify(build) ignored
[0.680s] Level 1:colcon.colcon_core.package_identification:_identify(install) by extensions ['ignore', 'ignore_ament_install']
[0.680s] Level 1:colcon.colcon_core.package_identification:_identify(install) by extension 'ignore'
[0.680s] Level 1:colcon.colcon_core.package_identification:_identify(install) ignored
[0.680s] Level 1:colcon.colcon_core.package_identification:_identify(log) by extensions ['ignore', 'ignore_ament_install']
[0.680s] Level 1:colcon.colcon_core.package_identification:_identify(log) by extension 'ignore'
[0.680s] Level 1:colcon.colcon_core.package_identification:_identify(log) ignored
[0.680s] Level 1:colcon.colcon_core.package_identification:_identify(src) by extensions ['ignore', 'ignore_ament_install']
[0.680s] Level 1:colcon.colcon_core.package_identification:_identify(src) by extension 'ignore'
[0.680s] Level 1:colcon.colcon_core.package_identification:_identify(src) by extension 'ignore_ament_install'
[0.680s] Level 1:colcon.colcon_core.package_identification:_identify(src) by extensions ['colcon_pkg']
[0.681s] Level 1:colcon.colcon_core.package_identification:_identify(src) by extension 'colcon_pkg'
[0.681s] Level 1:colcon.colcon_core.package_identification:_identify(src) by extensions ['colcon_meta']
[0.681s] Level 1:colcon.colcon_core.package_identification:_identify(src) by extension 'colcon_meta'
[0.681s] Level 1:colcon.colcon_core.package_identification:_identify(src) by extensions ['ros']
[0.681s] Level 1:colcon.colcon_core.package_identification:_identify(src) by extension 'ros'
[0.681s] Level 1:colcon.colcon_core.package_identification:_identify(src) by extensions ['cmake', 'python']
[0.681s] Level 1:colcon.colcon_core.package_identification:_identify(src) by extension 'cmake'
[0.681s] Level 1:colcon.colcon_core.package_identification:_identify(src) by extension 'python'
[0.681s] Level 1:colcon.colcon_core.package_identification:_identify(src) by extensions ['python_setup_py']
[0.681s] Level 1:colcon.colcon_core.package_identification:_identify(src) by extension 'python_setup_py'
[0.681s] Level 1:colcon.colcon_core.package_identification:_identify(src/orbslam3) by extensions ['ignore', 'ignore_ament_install']
[0.681s] Level 1:colcon.colcon_core.package_identification:_identify(src/orbslam3) by extension 'ignore'
[0.681s] Level 1:colcon.colcon_core.package_identification:_identify(src/orbslam3) by extension 'ignore_ament_install'
[0.681s] Level 1:colcon.colcon_core.package_identification:_identify(src/orbslam3) by extensions ['colcon_pkg']
[0.682s] Level 1:colcon.colcon_core.package_identification:_identify(src/orbslam3) by extension 'colcon_pkg'
[0.682s] Level 1:colcon.colcon_core.package_identification:_identify(src/orbslam3) by extensions ['colcon_meta']
[0.682s] Level 1:colcon.colcon_core.package_identification:_identify(src/orbslam3) by extension 'colcon_meta'
[0.682s] Level 1:colcon.colcon_core.package_identification:_identify(src/orbslam3) by extensions ['ros']
[0.682s] Level 1:colcon.colcon_core.package_identification:_identify(src/orbslam3) by extension 'ros'
[0.686s] DEBUG:colcon.colcon_core.package_identification:Package 'src/orbslam3' with type 'ros.ament_cmake' and name 'orbslam3'
[0.686s] Level 1:colcon.colcon_core.package_discovery:discover_packages(recursive) using defaults
[0.686s] Level 1:colcon.colcon_core.package_discovery:discover_packages(ignore) discover
[0.686s] Level 1:colcon.colcon_core.package_discovery:discover_packages(ignore) using defaults
[0.686s] Level 1:colcon.colcon_core.package_discovery:discover_packages(path) discover
[0.686s] Level 1:colcon.colcon_core.package_discovery:discover_packages(path) using defaults
[0.711s] Level 1:colcon.colcon_core.package_discovery:discover_packages(prefix_path) check parameters
[0.711s] Level 1:colcon.colcon_core.package_discovery:discover_packages(prefix_path) discover
[0.716s] DEBUG:colcon.colcon_installed_package_information.package_discovery:Found 0 installed packages in /home/shye/Desktop/projects/fyp/ros_ws/install
[0.716s] DEBUG:colcon.colcon_installed_package_information.package_discovery:Found 1 installed packages in /home/shye/colcon_ws/install
[0.718s] DEBUG:colcon.colcon_installed_package_information.package_discovery:Found 258 installed packages in /opt/ros/foxy
[0.727s] Level 1:colcon.colcon_core.package_discovery:discover_packages(prefix_path) using defaults
[0.797s] Level 5:colcon.colcon_core.verb:set package 'orbslam3' build argument 'cmake_args' from command line to 'None'
[0.797s] Level 5:colcon.colcon_core.verb:set package 'orbslam3' build argument 'cmake_target' from command line to 'None'
[0.797s] Level 5:colcon.colcon_core.verb:set package 'orbslam3' build argument 'cmake_target_skip_unavailable' from command line to 'False'
[0.797s] Level 5:colcon.colcon_core.verb:set package 'orbslam3' build argument 'cmake_clean_cache' from command line to 'False'
[0.797s] Level 5:colcon.colcon_core.verb:set package 'orbslam3' build argument 'cmake_clean_first' from command line to 'False'
[0.798s] Level 5:colcon.colcon_core.verb:set package 'orbslam3' build argument 'cmake_force_configure' from command line to 'False'
[0.798s] Level 5:colcon.colcon_core.verb:set package 'orbslam3' build argument 'ament_cmake_args' from command line to 'None'
[0.798s] Level 5:colcon.colcon_core.verb:set package 'orbslam3' build argument 'catkin_cmake_args' from command line to 'None'
[0.798s] Level 5:colcon.colcon_core.verb:set package 'orbslam3' build argument 'catkin_skip_building_tests' from command line to 'False'
[0.798s] DEBUG:colcon.colcon_core.verb:Building package 'orbslam3' with the following arguments: {'ament_cmake_args': None, 'build_base': '/home/shye/Desktop/projects/fyp/ros_ws/build/orbslam3', 'catkin_cmake_args': None, 'catkin_skip_building_tests': False, 'cmake_args': None, 'cmake_clean_cache': False, 'cmake_clean_first': False, 'cmake_force_configure': False, 'cmake_target': None, 'cmake_target_skip_unavailable': False, 'install_base': '/home/shye/Desktop/projects/fyp/ros_ws/install/orbslam3', 'merge_install': False, 'path': '/home/shye/Desktop/projects/fyp/ros_ws/src/orbslam3', 'symlink_install': True, 'test_result_base': None}
[0.798s] INFO:colcon.colcon_core.executor:Executing jobs using 'parallel' executor
[0.798s] DEBUG:colcon.colcon_parallel_executor.executor.parallel:run_until_complete
[0.799s] INFO:colcon.colcon_ros.task.ament_cmake.build:Building ROS package in '/home/shye/Desktop/projects/fyp/ros_ws/src/orbslam3' with build type 'ament_cmake'
[0.799s] INFO:colcon.colcon_cmake.task.cmake.build:Building CMake package in '/home/shye/Desktop/projects/fyp/ros_ws/src/orbslam3'
[0.805s] INFO:colcon.colcon_core.plugin_system:Skipping extension 'colcon_core.shell.bat': Not used on non-Windows systems
[0.806s] INFO:colcon.colcon_core.shell:Skip shell extension 'powershell' for command environment: Not usable outside of PowerShell
[0.806s] DEBUG:colcon.colcon_core.shell:Skip shell extension 'dsv' for command environment
[0.815s] DEBUG:colcon.colcon_core.event_handler.log_command:Invoking command in '/home/shye/Desktop/projects/fyp/ros_ws/build/orbslam3': CMAKE_PREFIX_PATH=${CMAKE_PREFIX_PATH}:/home/shye/colcon_ws/install/orbslam3:/opt/ros/foxy /usr/local/bin/cmake /home/shye/Desktop/projects/fyp/ros_ws/src/orbslam3 -DAMENT_CMAKE_SYMLINK_INSTALL=1 -DCMAKE_INSTALL_PREFIX=/home/shye/Desktop/projects/fyp/ros_ws/install/orbslam3
[2.496s] DEBUG:colcon.colcon_core.event_handler.log_command:Invoked command in '/home/shye/Desktop/projects/fyp/ros_ws/build/orbslam3' returned '0': CMAKE_PREFIX_PATH=${CMAKE_PREFIX_PATH}:/home/shye/colcon_ws/install/orbslam3:/opt/ros/foxy /usr/local/bin/cmake /home/shye/Desktop/projects/fyp/ros_ws/src/orbslam3 -DAMENT_CMAKE_SYMLINK_INSTALL=1 -DCMAKE_INSTALL_PREFIX=/home/shye/Desktop/projects/fyp/ros_ws/install/orbslam3
[2.498s] DEBUG:colcon.colcon_core.event_handler.log_command:Invoking command in '/home/shye/Desktop/projects/fyp/ros_ws/build/orbslam3': CMAKE_PREFIX_PATH=${CMAKE_PREFIX_PATH}:/home/shye/colcon_ws/install/orbslam3:/opt/ros/foxy /usr/local/bin/cmake --build /home/shye/Desktop/projects/fyp/ros_ws/build/orbslam3 -- -j8 -l8
[26.816s] DEBUG:colcon.colcon_core.event_handler.log_command:Invoked command in '/home/shye/Desktop/projects/fyp/ros_ws/build/orbslam3' returned '0': CMAKE_PREFIX_PATH=${CMAKE_PREFIX_PATH}:/home/shye/colcon_ws/install/orbslam3:/opt/ros/foxy /usr/local/bin/cmake --build /home/shye/Desktop/projects/fyp/ros_ws/build/orbslam3 -- -j8 -l8
[26.827s] DEBUG:colcon.colcon_core.event_handler.log_command:Invoking command in '/home/shye/Desktop/projects/fyp/ros_ws/build/orbslam3': CMAKE_PREFIX_PATH=${CMAKE_PREFIX_PATH}:/home/shye/colcon_ws/install/orbslam3:/opt/ros/foxy /usr/local/bin/cmake --install /home/shye/Desktop/projects/fyp/ros_ws/build/orbslam3
[26.912s] Level 1:colcon.colcon_core.environment:create_environment_scripts_only(orbslam3)
[26.914s] DEBUG:colcon.colcon_core.event_handler.log_command:Invoked command in '/home/shye/Desktop/projects/fyp/ros_ws/build/orbslam3' returned '0': CMAKE_PREFIX_PATH=${CMAKE_PREFIX_PATH}:/home/shye/colcon_ws/install/orbslam3:/opt/ros/foxy /usr/local/bin/cmake --install /home/shye/Desktop/projects/fyp/ros_ws/build/orbslam3
[26.925s] Level 1:colcon.colcon_core.environment:checking '/home/shye/Desktop/projects/fyp/ros_ws/install/orbslam3' for CMake module files
[26.926s] Level 1:colcon.colcon_core.environment:checking '/home/shye/Desktop/projects/fyp/ros_ws/install/orbslam3' for CMake config files
[26.926s] Level 1:colcon.colcon_core.shell:create_environment_hook('orbslam3', 'cmake_prefix_path')
[26.927s] INFO:colcon.colcon_core.shell:Creating environment hook '/home/shye/Desktop/projects/fyp/ros_ws/install/orbslam3/share/orbslam3/hook/cmake_prefix_path.ps1'
[26.929s] INFO:colcon.colcon_core.shell:Creating environment descriptor '/home/shye/Desktop/projects/fyp/ros_ws/install/orbslam3/share/orbslam3/hook/cmake_prefix_path.dsv'
[26.930s] INFO:colcon.colcon_core.shell:Creating environment hook '/home/shye/Desktop/projects/fyp/ros_ws/install/orbslam3/share/orbslam3/hook/cmake_prefix_path.sh'
[26.931s] Level 1:colcon.colcon_core.environment:checking '/home/shye/Desktop/projects/fyp/ros_ws/install/orbslam3/lib'
[26.931s] Level 1:colcon.colcon_core.environment:checking '/home/shye/Desktop/projects/fyp/ros_ws/install/orbslam3/bin'
[26.931s] Level 1:colcon.colcon_core.environment:checking '/home/shye/Desktop/projects/fyp/ros_ws/install/orbslam3/lib/pkgconfig/orbslam3.pc'
[26.932s] Level 1:colcon.colcon_core.environment:checking '/home/shye/Desktop/projects/fyp/ros_ws/install/orbslam3/lib/python3.8/site-packages'
[26.932s] Level 1:colcon.colcon_core.environment:checking '/home/shye/Desktop/projects/fyp/ros_ws/install/orbslam3/bin'
[26.932s] INFO:colcon.colcon_core.shell:Creating package script '/home/shye/Desktop/projects/fyp/ros_ws/install/orbslam3/share/orbslam3/package.ps1'
[26.934s] INFO:colcon.colcon_core.shell:Creating package descriptor '/home/shye/Desktop/projects/fyp/ros_ws/install/orbslam3/share/orbslam3/package.dsv'
[26.935s] INFO:colcon.colcon_core.shell:Creating package script '/home/shye/Desktop/projects/fyp/ros_ws/install/orbslam3/share/orbslam3/package.sh'
[26.936s] INFO:colcon.colcon_core.shell:Creating package script '/home/shye/Desktop/projects/fyp/ros_ws/install/orbslam3/share/orbslam3/package.bash'
[26.938s] INFO:colcon.colcon_core.shell:Creating package script '/home/shye/Desktop/projects/fyp/ros_ws/install/orbslam3/share/orbslam3/package.zsh'
[26.940s] Level 1:colcon.colcon_core.environment:create_file_with_runtime_dependencies(/home/shye/Desktop/projects/fyp/ros_ws/install/orbslam3/share/colcon-core/packages/orbslam3)
[26.941s] Level 1:colcon.colcon_core.environment:create_environment_scripts_only(orbslam3)
[26.942s] Level 1:colcon.colcon_core.environment:checking '/home/shye/Desktop/projects/fyp/ros_ws/install/orbslam3' for CMake module files
[26.942s] Level 1:colcon.colcon_core.environment:checking '/home/shye/Desktop/projects/fyp/ros_ws/install/orbslam3' for CMake config files
[26.943s] Level 1:colcon.colcon_core.shell:create_environment_hook('orbslam3', 'cmake_prefix_path')
[26.943s] INFO:colcon.colcon_core.shell:Creating environment hook '/home/shye/Desktop/projects/fyp/ros_ws/install/orbslam3/share/orbslam3/hook/cmake_prefix_path.ps1'
[26.944s] INFO:colcon.colcon_core.shell:Creating environment descriptor '/home/shye/Desktop/projects/fyp/ros_ws/install/orbslam3/share/orbslam3/hook/cmake_prefix_path.dsv'
[26.945s] INFO:colcon.colcon_core.shell:Creating environment hook '/home/shye/Desktop/projects/fyp/ros_ws/install/orbslam3/share/orbslam3/hook/cmake_prefix_path.sh'
[26.945s] Level 1:colcon.colcon_core.environment:checking '/home/shye/Desktop/projects/fyp/ros_ws/install/orbslam3/lib'
[26.946s] Level 1:colcon.colcon_core.environment:checking '/home/shye/Desktop/projects/fyp/ros_ws/install/orbslam3/bin'
[26.946s] Level 1:colcon.colcon_core.environment:checking '/home/shye/Desktop/projects/fyp/ros_ws/install/orbslam3/lib/pkgconfig/orbslam3.pc'
[26.946s] Level 1:colcon.colcon_core.environment:checking '/home/shye/Desktop/projects/fyp/ros_ws/install/orbslam3/lib/python3.8/site-packages'
[26.946s] Level 1:colcon.colcon_core.environment:checking '/home/shye/Desktop/projects/fyp/ros_ws/install/orbslam3/bin'
[26.946s] INFO:colcon.colcon_core.shell:Creating package script '/home/shye/Desktop/projects/fyp/ros_ws/install/orbslam3/share/orbslam3/package.ps1'
[26.947s] INFO:colcon.colcon_core.shell:Creating package descriptor '/home/shye/Desktop/projects/fyp/ros_ws/install/orbslam3/share/orbslam3/package.dsv'
[26.948s] INFO:colcon.colcon_core.shell:Creating package script '/home/shye/Desktop/projects/fyp/ros_ws/install/orbslam3/share/orbslam3/package.sh'
[26.948s] INFO:colcon.colcon_core.shell:Creating package script '/home/shye/Desktop/projects/fyp/ros_ws/install/orbslam3/share/orbslam3/package.bash'
[26.949s] INFO:colcon.colcon_core.shell:Creating package script '/home/shye/Desktop/projects/fyp/ros_ws/install/orbslam3/share/orbslam3/package.zsh'
[26.950s] Level 1:colcon.colcon_core.environment:create_file_with_runtime_dependencies(/home/shye/Desktop/projects/fyp/ros_ws/install/orbslam3/share/colcon-core/packages/orbslam3)
[26.950s] DEBUG:colcon.colcon_parallel_executor.executor.parallel:closing loop
[26.956s] DEBUG:colcon.colcon_parallel_executor.executor.parallel:loop closed
[26.956s] DEBUG:colcon.colcon_parallel_executor.executor.parallel:run_until_complete finished with '0'
[26.956s] DEBUG:colcon.colcon_core.event_reactor:joining thread
[27.055s] INFO:colcon.colcon_core.plugin_system:Skipping extension 'colcon_notification.desktop_notification.terminal_notifier': Not used on non-Darwin systems
[27.055s] INFO:colcon.colcon_core.plugin_system:Skipping extension 'colcon_notification.desktop_notification.win32': Not used on non-Windows systems
[27.055s] INFO:colcon.colcon_notification.desktop_notification:Sending desktop notification using 'notify2'
[27.388s] DEBUG:colcon.colcon_core.event_reactor:joined thread
[27.389s] INFO:colcon.colcon_core.shell:Creating prefix script '/home/shye/Desktop/projects/fyp/ros_ws/install/local_setup.ps1'
[27.391s] INFO:colcon.colcon_core.shell:Creating prefix util module '/home/shye/Desktop/projects/fyp/ros_ws/install/_local_setup_util_ps1.py'
[27.393s] INFO:colcon.colcon_core.shell:Creating prefix chain script '/home/shye/Desktop/projects/fyp/ros_ws/install/setup.ps1'
[27.396s] INFO:colcon.colcon_core.shell:Creating prefix script '/home/shye/Desktop/projects/fyp/ros_ws/install/local_setup.sh'
[27.397s] INFO:colcon.colcon_core.shell:Creating prefix util module '/home/shye/Desktop/projects/fyp/ros_ws/install/_local_setup_util_sh.py'
[27.398s] INFO:colcon.colcon_core.shell:Creating prefix chain script '/home/shye/Desktop/projects/fyp/ros_ws/install/setup.sh'
[27.400s] INFO:colcon.colcon_core.shell:Creating prefix script '/home/shye/Desktop/projects/fyp/ros_ws/install/local_setup.bash'
[27.401s] INFO:colcon.colcon_core.shell:Creating prefix chain script '/home/shye/Desktop/projects/fyp/ros_ws/install/setup.bash'
[27.402s] INFO:colcon.colcon_core.shell:Creating prefix script '/home/shye/Desktop/projects/fyp/ros_ws/install/local_setup.zsh'
[27.403s] INFO:colcon.colcon_core.shell:Creating prefix chain script '/home/shye/Desktop/projects/fyp/ros_ws/install/setup.zsh'
